# JRE version: OpenJDK Runtime Environment (17.0.6) (build 17.0.6+0-b2043.56-10027231)
# Java VM: OpenJDK 64-Bit Server VM (17.0.6+0-b2043.56-10027231, mixed mode, tiered, compressed oops, compressed class ptrs, g1 gc, windows-amd64)
GC Precious Log:
 CPUs: 4 total, 4 available
 Memory: 3460M
 Large Page Support: Disabled
 NUMA Support: Disabled
 Compressed Oops: Enabled (Zero based)
 Heap Region Size: 4M
 Heap Min Capacity: 8M
 Heap Initial Capacity: 56M
 Heap Max Capacity: 4608M
 Pre-touch: Disabled
 Parallel Workers: 4
 Concurrent Workers: 1
 Concurrent Refinement Workers: 4
 Periodic GC: Disabled
Heap:
 garbage-first heap   total 667648K, used 331606K [0x00000006e0000000, 0x0000000800000000)
  region size 4096K, 2 young (8192K), 2 survivors (8192K)
 Metaspace       used 141559K, committed 142464K, reserved 1179648K
  class space    used 18697K, committed 19136K, reserved 1048576K
GC Heap History (20 events):
Event: 369.641 GC heap after
{Heap after GC invocations=97 (full 0):
 garbage-first heap   total 540672K, used 301020K [0x00000006e0000000, 0x0000000800000000)
  region size 4096K, 3 young (12288K), 3 survivors (12288K)
 Metaspace       used 138912K, committed 139776K, reserved 1171456K
  class space    used 18383K, committed 18816K, reserved 1048576K
}
Event: 376.447 GC heap before
{Heap before GC invocations=97 (full 0):
 garbage-first heap   total 540672K, used 313308K [0x00000006e0000000, 0x0000000800000000)
  region size 4096K, 6 young (24576K), 3 survivors (12288K)
 Metaspace       used 139079K, committed 140032K, reserved 1171456K
  class space    used 18389K, committed 18880K, reserved 1048576K
}
Event: 376.609 GC heap after
{Heap after GC invocations=98 (full 0):
 garbage-first heap   total 540672K, used 303757K [0x00000006e0000000, 0x0000000800000000)
  region size 4096K, 1 young (4096K), 1 survivors (4096K)
 Metaspace       used 139079K, committed 140032K, reserved 1171456K
  class space    used 18389K, committed 18880K, reserved 1048576K
}
Event: 383.200 GC heap before
{Heap before GC invocations=98 (full 0):
 garbage-first heap   total 540672K, used 324237K [0x00000006e0000000, 0x0000000800000000)
  region size 4096K, 6 young (24576K), 1 survivors (4096K)
 Metaspace       used 139256K, committed 140160K, reserved 1171456K
  class space    used 18395K, committed 18880K, reserved 1048576K
}
Event: 383.239 GC heap after
{Heap after GC invocations=99 (full 0):
 garbage-first heap   total 667648K, used 305176K [0x00000006e0000000, 0x0000000800000000)
  region size 4096K, 1 young (4096K), 1 survivors (4096K)
 Metaspace       used 139256K, committed 140160K, reserved 1171456K
  class space    used 18395K, committed 18880K, reserved 1048576K
}
Event: 432.692 GC heap before
{Heap before GC invocations=99 (full 0):
 garbage-first heap   total 667648K, used 333848K [0x00000006e0000000, 0x0000000800000000)
  region size 4096K, 8 young (32768K), 1 survivors (4096K)
 Metaspace       used 139566K, committed 140480K, reserved 1171456K
  class space    used 18435K, committed 18880K, reserved 1048576K
}
Event: 432.858 GC heap after
{Heap after GC invocations=100 (full 0):
 garbage-first heap   total 667648K, used 307687K [0x00000006e0000000, 0x0000000800000000)
  region size 4096K, 1 young (4096K), 1 survivors (4096K)
 Metaspace       used 139566K, committed 140480K, reserved 1171456K
  class space    used 18435K, committed 18880K, reserved 1048576K
}
Event: 434.780 GC heap before
{Heap before GC invocations=100 (full 0):
 garbage-first heap   total 667648K, used 332263K [0x00000006e0000000, 0x0000000800000000)
  region size 4096K, 8 young (32768K), 1 survivors (4096K)
 Metaspace       used 140600K, committed 141568K, reserved 1171456K
  class space    used 18577K, committed 19072K, reserved 1048576K
}
Event: 434.821 GC heap after
{Heap after GC invocations=101 (full 0):
 garbage-first heap   total 667648K, used 311126K [0x00000006e0000000, 0x0000000800000000)
  region size 4096K, 1 young (4096K), 1 survivors (4096K)
 Metaspace       used 140600K, committed 141568K, reserved 1171456K
  class space    used 18577K, committed 19072K, reserved 1048576K
}
Event: 435.608 GC heap before
{Heap before GC invocations=101 (full 0):
 garbage-first heap   total 667648K, used 339798K [0x00000006e0000000, 0x0000000800000000)
  region size 4096K, 8 young (32768K), 1 survivors (4096K)
 Metaspace       used 140767K, committed 141696K, reserved 1171456K
  class space    used 18590K, committed 19072K, reserved 1048576K
}
Event: 436.238 GC heap after
{Heap after GC invocations=102 (full 0):
 garbage-first heap   total 667648K, used 313222K [0x00000006e0000000, 0x0000000800000000)
  region size 4096K, 1 young (4096K), 1 survivors (4096K)
 Metaspace       used 140767K, committed 141696K, reserved 1171456K
  class space    used 18590K, committed 19072K, reserved 1048576K
}
Event: 436.792 GC heap before
{Heap before GC invocations=102 (full 0):
 garbage-first heap   total 667648K, used 337798K [0x00000006e0000000, 0x0000000800000000)
  region size 4096K, 8 young (32768K), 1 survivors (4096K)
 Metaspace       used 140849K, committed 141760K, reserved 1171456K
  class space    used 18598K, committed 19072K, reserved 1048576K
}
Event: 436.807 GC heap after
{Heap after GC invocations=103 (full 0):
 garbage-first heap   total 667648K, used 317344K [0x00000006e0000000, 0x0000000800000000)
  region size 4096K, 1 young (4096K), 1 survivors (4096K)
 Metaspace       used 140849K, committed 141760K, reserved 1171456K
  class space    used 18598K, committed 19072K, reserved 1048576K
}
Event: 436.982 GC heap before
{Heap before GC invocations=103 (full 0):
 garbage-first heap   total 667648K, used 346016K [0x00000006e0000000, 0x0000000800000000)
  region size 4096K, 8 young (32768K), 1 survivors (4096K)
 Metaspace       used 140851K, committed 141760K, reserved 1171456K
  class space    used 18598K, committed 19072K, reserved 1048576K
}
Event: 437.003 GC heap after
{Heap after GC invocations=104 (full 0):
 garbage-first heap   total 667648K, used 322919K [0x00000006e0000000, 0x0000000800000000)
  region size 4096K, 1 young (4096K), 1 survivors (4096K)
 Metaspace       used 140851K, committed 141760K, reserved 1171456K
  class space    used 18598K, committed 19072K, reserved 1048576K
}
Event: 438.094 GC heap before
{Heap before GC invocations=104 (full 0):
 garbage-first heap   total 667648K, used 351591K [0x00000006e0000000, 0x0000000800000000)
  region size 4096K, 8 young (32768K), 1 survivors (4096K)
 Metaspace       used 140921K, committed 141888K, reserved 1171456K
  class space    used 18610K, committed 19072K, reserved 1048576K
}
Event: 438.109 GC heap after
{Heap after GC invocations=105 (full 0):
 garbage-first heap   total 667648K, used 324886K [0x00000006e0000000, 0x0000000800000000)
  region size 4096K, 1 young (4096K), 1 survivors (4096K)
 Metaspace       used 140921K, committed 141888K, reserved 1171456K
  class space    used 18610K, committed 19072K, reserved 1048576K
}
Event: 438.887 GC heap before
{Heap before GC invocations=105 (full 0):
 garbage-first heap   total 667648K, used 353558K [0x00000006e0000000, 0x0000000800000000)
  region size 4096K, 8 young (32768K), 1 survivors (4096K)
 Metaspace       used 141172K, committed 142080K, reserved 1179648K
  class space    used 18649K, committed 19072K, reserved 1048576K
}
Event: 438.924 GC heap after
{Heap after GC invocations=106 (full 0):
 garbage-first heap   total 667648K, used 330342K [0x00000006e0000000, 0x0000000800000000)
  region size 4096K, 1 young (4096K), 1 survivors (4096K)
 Metaspace       used 141172K, committed 142080K, reserved 1179648K
  class space    used 18649K, committed 19072K, reserved 1048576K
}
Event: 442.436 GC heap before
{Heap before GC invocations=106 (full 0):
 garbage-first heap   total 667648K, used 363110K [0x00000006e0000000, 0x0000000800000000)
  region size 4096K, 10 young (40960K), 1 survivors (4096K)
 Metaspace       used 141559K, committed 142464K, reserved 1179648K
  class space    used 18697K, committed 19136K, reserved 1048576K
}

