# JRE version: OpenJDK Runtime Environment (17.0.6) (build 17.0.6+0-b2043.56-10027231)
# Java VM: OpenJDK 64-Bit Server VM (17.0.6+0-b2043.56-10027231, mixed mode, tiered, compressed oops, compressed class ptrs, g1 gc, windows-amd64)
GC Precious Log:
 CPUs: 4 total, 4 available
 Memory: 3460M
 Large Page Support: Disabled
 NUMA Support: Disabled
 Compressed Oops: Enabled (Zero based)
 Heap Region Size: 4M
 Heap Min Capacity: 8M
 Heap Initial Capacity: 56M
 Heap Max Capacity: 4608M
 Pre-touch: Disabled
 Parallel Workers: 4
 Concurrent Workers: 1
 Concurrent Refinement Workers: 4
 Periodic GC: Disabled
Heap:
 garbage-first heap   total 1458176K, used 363506K [0x00000006e0000000, 0x0000000800000000)
  region size 4096K, 2 young (8192K), 2 survivors (8192K)
 Metaspace       used 163598K, committed 164736K, reserved 1196032K
  class space    used 21187K, committed 21760K, reserved 1048576K
GC Heap History (20 events):
Event: 1545.522 GC heap after
{Heap after GC invocations=171 (full 0):
 garbage-first heap   total 1458176K, used 321650K [0x00000006e0000000, 0x0000000800000000)
  region size 4096K, 2 young (8192K), 2 survivors (8192K)
 Metaspace       used 163296K, committed 164480K, reserved 1196032K
  class space    used 21174K, committed 21760K, reserved 1048576K
}
Event: 1548.360 GC heap before
{Heap before GC invocations=171 (full 0):
 garbage-first heap   total 1458176K, used 501874K [0x00000006e0000000, 0x0000000800000000)
  region size 4096K, 46 young (188416K), 2 survivors (8192K)
 Metaspace       used 163332K, committed 164480K, reserved 1196032K
  class space    used 21181K, committed 21760K, reserved 1048576K
}
Event: 1548.440 GC heap after
{Heap after GC invocations=172 (full 0):
 garbage-first heap   total 1458176K, used 322029K [0x00000006e0000000, 0x0000000800000000)
  region size 4096K, 2 young (8192K), 2 survivors (8192K)
 Metaspace       used 163332K, committed 164480K, reserved 1196032K
  class space    used 21181K, committed 21760K, reserved 1048576K
}
Event: 1550.605 GC heap before
{Heap before GC invocations=172 (full 0):
 garbage-first heap   total 1458176K, used 612845K [0x00000006e0000000, 0x0000000800000000)
  region size 4096K, 73 young (299008K), 2 survivors (8192K)
 Metaspace       used 163338K, committed 164544K, reserved 1196032K
  class space    used 21181K, committed 21760K, reserved 1048576K
}
Event: 1550.634 GC heap after
{Heap after GC invocations=173 (full 0):
 garbage-first heap   total 1458176K, used 324014K [0x00000006e0000000, 0x0000000800000000)
  region size 4096K, 2 young (8192K), 2 survivors (8192K)
 Metaspace       used 163338K, committed 164544K, reserved 1196032K
  class space    used 21181K, committed 21760K, reserved 1048576K
}
Event: 1555.699 GC heap before
{Heap before GC invocations=173 (full 0):
 garbage-first heap   total 1458176K, used 717230K [0x00000006e0000000, 0x0000000800000000)
  region size 4096K, 98 young (401408K), 2 survivors (8192K)
 Metaspace       used 163446K, committed 164608K, reserved 1196032K
  class space    used 21182K, committed 21760K, reserved 1048576K
}
Event: 1555.816 GC heap after
{Heap after GC invocations=174 (full 0):
 garbage-first heap   total 1458176K, used 342179K [0x00000006e0000000, 0x0000000800000000)
  region size 4096K, 7 young (28672K), 7 survivors (28672K)
 Metaspace       used 163446K, committed 164608K, reserved 1196032K
  class space    used 21182K, committed 21760K, reserved 1048576K
}
Event: 1556.585 GC heap before
{Heap before GC invocations=174 (full 0):
 garbage-first heap   total 1458176K, used 383139K [0x00000006e0000000, 0x0000000800000000)
  region size 4096K, 17 young (69632K), 7 survivors (28672K)
 Metaspace       used 163446K, committed 164608K, reserved 1196032K
  class space    used 21182K, committed 21760K, reserved 1048576K
}
Event: 1556.799 GC heap after
{Heap after GC invocations=175 (full 0):
 garbage-first heap   total 1458176K, used 345329K [0x00000006e0000000, 0x0000000800000000)
  region size 4096K, 1 young (4096K), 1 survivors (4096K)
 Metaspace       used 163446K, committed 164608K, reserved 1196032K
  class space    used 21182K, committed 21760K, reserved 1048576K
}
Event: 1567.034 GC heap before
{Heap before GC invocations=175 (full 0):
 garbage-first heap   total 1458176K, used 906481K [0x00000006e0000000, 0x0000000800000000)
  region size 4096K, 138 young (565248K), 1 survivors (4096K)
 Metaspace       used 163461K, committed 164608K, reserved 1196032K
  class space    used 21182K, committed 21760K, reserved 1048576K
}
Event: 1567.202 GC heap after
{Heap after GC invocations=176 (full 0):
 garbage-first heap   total 1458176K, used 344231K [0x00000006e0000000, 0x0000000800000000)
  region size 4096K, 1 young (4096K), 1 survivors (4096K)
 Metaspace       used 163461K, committed 164608K, reserved 1196032K
  class space    used 21182K, committed 21760K, reserved 1048576K
}
Event: 1572.910 GC heap before
{Heap before GC invocations=176 (full 0):
 garbage-first heap   total 1458176K, used 520359K [0x00000006e0000000, 0x0000000800000000)
  region size 4096K, 44 young (180224K), 1 survivors (4096K)
 Metaspace       used 163462K, committed 164608K, reserved 1196032K
  class space    used 21182K, committed 21760K, reserved 1048576K
}
Event: 1572.923 GC heap after
{Heap after GC invocations=177 (full 0):
 garbage-first heap   total 1458176K, used 345026K [0x00000006e0000000, 0x0000000800000000)
  region size 4096K, 1 young (4096K), 1 survivors (4096K)
 Metaspace       used 163462K, committed 164608K, reserved 1196032K
  class space    used 21182K, committed 21760K, reserved 1048576K
}
Event: 1578.863 GC heap before
{Heap before GC invocations=177 (full 0):
 garbage-first heap   total 1458176K, used 598978K [0x00000006e0000000, 0x0000000800000000)
  region size 4096K, 64 young (262144K), 1 survivors (4096K)
 Metaspace       used 163585K, committed 164736K, reserved 1196032K
  class space    used 21186K, committed 21760K, reserved 1048576K
}
Event: 1578.998 GC heap after
{Heap after GC invocations=178 (full 0):
 garbage-first heap   total 1458176K, used 355982K [0x00000006e0000000, 0x0000000800000000)
  region size 4096K, 4 young (16384K), 4 survivors (16384K)
 Metaspace       used 163585K, committed 164736K, reserved 1196032K
  class space    used 21186K, committed 21760K, reserved 1048576K
}
Event: 1580.924 GC heap before
{Heap before GC invocations=178 (full 0):
 garbage-first heap   total 1458176K, used 409230K [0x00000006e0000000, 0x0000000800000000)
  region size 4096K, 17 young (69632K), 4 survivors (16384K)
 Metaspace       used 163593K, committed 164736K, reserved 1196032K
  class space    used 21187K, committed 21760K, reserved 1048576K
}
Event: 1581.896 GC heap after
{Heap after GC invocations=179 (full 0):
 garbage-first heap   total 1458176K, used 357273K [0x00000006e0000000, 0x0000000800000000)
  region size 4096K, 2 young (8192K), 2 survivors (8192K)
 Metaspace       used 163593K, committed 164736K, reserved 1196032K
  class space    used 21187K, committed 21760K, reserved 1048576K
}
Event: 1582.171 GC heap before
{Heap before GC invocations=179 (full 0):
 garbage-first heap   total 1458176K, used 418713K [0x00000006e0000000, 0x0000000800000000)
  region size 4096K, 17 young (69632K), 2 survivors (8192K)
 Metaspace       used 163593K, committed 164736K, reserved 1196032K
  class space    used 21187K, committed 21760K, reserved 1048576K
}
Event: 1582.224 GC heap after
{Heap after GC invocations=180 (full 0):
 garbage-first heap   total 1458176K, used 362116K [0x00000006e0000000, 0x0000000800000000)
  region size 4096K, 3 young (12288K), 3 survivors (12288K)
 Metaspace       used 163593K, committed 164736K, reserved 1196032K
  class space    used 21187K, committed 21760K, reserved 1048576K
}
Event: 1582.488 GC heap before
{Heap before GC invocations=180 (full 0):
 garbage-first heap   total 1458176K, used 419460K [0x00000006e0000000, 0x0000000800000000)
  region size 4096K, 17 young (69632K), 3 survivors (12288K)
 Metaspace       used 163598K, committed 164736K, reserved 1196032K
  class space    used 21187K, committed 21760K, reserved 1048576K
}

